<?xml version="1.0" encoding="UTF-8"?>
<!-- Generated by org.testng.reporters.JUnitXMLReporter -->
<testsuite ignored="0" hostname="DESKTOP-36D7PBU" failures="1" tests="16" name="Regression TestCases" time="107.359" errors="0" timestamp="2023-02-06T00:04:56 IST">
  <testcase classname="com.amitlearning.testcases.T2_RegisterTest" name="verifyRegisteringAnAccountWithMandatoryFields" time="1.233"/>
  <testcase classname="com.amitlearning.testcases.T2_RegisterTest" name="verifyRegisteringAccountByProvidingAllFields" time="1.255"/>
  <testcase classname="com.amitlearning.testcases.T2_RegisterTest" name="verifyRegisteringAccountByProvidingExistingEmailAddress" time="1.107"/>
  <testcase classname="com.amitlearning.testcases.T2_RegisterTest" name="verifyRegisteringAccountWithoutFillingAnyDetails" time="0.465"/>
  <testcase classname="com.amitlearning.testcases.T1_LoginTestDataFromExcelTest" name="verifyLoginWithValidCredentials" time="0.653"/>
  <testcase classname="com.amitlearning.testcases.T1_LoginTestDataFromExcelTest" name="verifyLoginWithValidCredentials" time="0.6"/>
  <testcase classname="com.amitlearning.testcases.T1_LoginTestDataFromExcelTest" name="verifyLoginWithValidCredentials" time="0.66"/>
  <testcase classname="com.amitlearning.testcases.T1_LoginTestDataFromExcelTest" name="verifyLoginWithValidCredentials" time="0.588"/>
  <testcase classname="com.amitlearning.testcases.T1_LoginTestDataFromExcelTest" name="verifyLoginWithInValidCredentials" time="0.56"/>
  <testcase classname="com.amitlearning.testcases.T1_LoginTestDataFromExcelTest" name="verifyLoginWithInValidEmailAndValidPassword" time="0.642"/>
  <testcase classname="com.amitlearning.testcases.T1_LoginTestDataFromExcelTest" name="verifyLoginWithValidEmailAndInValidPassword" time="0.534"/>
  <testcase classname="com.amitlearning.testcases.T1_LoginTestDataFromExcelTest" name="verifyLoginWithoutProvidingCredentials" time="0.374"/>
  <testcase classname="com.amitlearning.testcases.T3_SearchTest" name="verifySearchWithValidProduct" time="0.419"/>
  <testcase classname="com.amitlearning.testcases.T3_SearchTest" name="verifySearchWithInValidProduct" time="0.411">
    <failure type="java.lang.AssertionError" message="Unexpected product display expected [abcd] but found [There is no product that matches the search criteria.]">
      <![CDATA[java.lang.AssertionError: Unexpected product display expected [abcd] but found [There is no product that matches the search criteria.]
at com.amitlearning.testcases.T3_SearchTest.verifySearchWithInValidProduct(T3_SearchTest.java:49)
at java.base/java.util.ArrayList.forEach(ArrayList.java:1511)
... Removed 32 stack frames]]>
    </failure>
  </testcase> <!-- verifySearchWithInValidProduct -->
  <testcase classname="com.amitlearning.testcases.T3_SearchTest" name="verifySearchWithoutAnyProduct" time="0.0">
    <skipped/>
  </testcase> <!-- verifySearchWithoutAnyProduct -->
  <testcase classname="com.amitlearning.testcases.T3_SearchTest" name="verifySearchWithValidProductOnLogin" time="1.303"/>
</testsuite> <!-- Regression TestCases -->
