<?xml version="1.0" encoding="UTF-8"?>
<testng-results ignored="0" total="16" passed="14" failed="1" skipped="1">
  <reporter-output>
  </reporter-output>
  <suite started-at="2023-02-05T20:57:20 IST" name="Application Automation Suite" finished-at="2023-02-05T20:59:27 IST" duration-ms="126748">
    <groups>
    </groups>
    <test started-at="2023-02-05T20:57:20 IST" name="Regression TestCases" finished-at="2023-02-05T20:59:27 IST" duration-ms="126748">
      <class name="com.amitlearning.testcases.T2_RegisterTest">
        <test-method is-config="true" signature="setup()[pri:0, instance:com.amitlearning.testcases.T2_RegisterTest@158da8e]" started-at="2023-02-05T20:57:21 IST" name="setup" finished-at="2023-02-05T20:57:29 IST" duration-ms="8076" status="PASS">
          <reporter-output>
          </reporter-output>
        </test-method> <!-- setup -->
        <test-method signature="verifyRegisteringAnAccountWithMandatoryFields()[pri:1, instance:com.amitlearning.testcases.T2_RegisterTest@158da8e]" started-at="2023-02-05T20:57:29 IST" name="verifyRegisteringAnAccountWithMandatoryFields" finished-at="2023-02-05T20:57:31 IST" duration-ms="1769" status="PASS">
          <reporter-output>
          </reporter-output>
        </test-method> <!-- verifyRegisteringAnAccountWithMandatoryFields -->
        <test-method is-config="true" signature="tearDown()[pri:0, instance:com.amitlearning.testcases.T2_RegisterTest@158da8e]" started-at="2023-02-05T20:57:31 IST" name="tearDown" finished-at="2023-02-05T20:57:31 IST" duration-ms="355" status="PASS">
          <reporter-output>
          </reporter-output>
        </test-method> <!-- tearDown -->
        <test-method is-config="true" signature="setup()[pri:0, instance:com.amitlearning.testcases.T2_RegisterTest@158da8e]" started-at="2023-02-05T20:57:31 IST" name="setup" finished-at="2023-02-05T20:57:38 IST" duration-ms="7450" status="PASS">
          <reporter-output>
          </reporter-output>
        </test-method> <!-- setup -->
        <test-method signature="verifyRegisteringAccountByProvidingAllFields()[pri:2, instance:com.amitlearning.testcases.T2_RegisterTest@158da8e]" started-at="2023-02-05T20:57:38 IST" name="verifyRegisteringAccountByProvidingAllFields" finished-at="2023-02-05T20:57:40 IST" duration-ms="1691" status="PASS">
          <reporter-output>
          </reporter-output>
        </test-method> <!-- verifyRegisteringAccountByProvidingAllFields -->
        <test-method is-config="true" signature="tearDown()[pri:0, instance:com.amitlearning.testcases.T2_RegisterTest@158da8e]" started-at="2023-02-05T20:57:40 IST" name="tearDown" finished-at="2023-02-05T20:57:40 IST" duration-ms="260" status="PASS">
          <reporter-output>
          </reporter-output>
        </test-method> <!-- tearDown -->
        <test-method is-config="true" signature="setup()[pri:0, instance:com.amitlearning.testcases.T2_RegisterTest@158da8e]" started-at="2023-02-05T20:57:40 IST" name="setup" finished-at="2023-02-05T20:57:47 IST" duration-ms="6824" status="PASS">
          <reporter-output>
          </reporter-output>
        </test-method> <!-- setup -->
        <test-method signature="verifyRegisteringAccountByProvidingExistingEmailAddress()[pri:3, instance:com.amitlearning.testcases.T2_RegisterTest@158da8e]" started-at="2023-02-05T20:57:47 IST" name="verifyRegisteringAccountByProvidingExistingEmailAddress" finished-at="2023-02-05T20:57:49 IST" duration-ms="1322" status="PASS">
          <reporter-output>
          </reporter-output>
        </test-method> <!-- verifyRegisteringAccountByProvidingExistingEmailAddress -->
        <test-method is-config="true" signature="tearDown()[pri:0, instance:com.amitlearning.testcases.T2_RegisterTest@158da8e]" started-at="2023-02-05T20:57:49 IST" name="tearDown" finished-at="2023-02-05T20:57:49 IST" duration-ms="252" status="PASS">
          <reporter-output>
          </reporter-output>
        </test-method> <!-- tearDown -->
        <test-method is-config="true" signature="setup()[pri:0, instance:com.amitlearning.testcases.T2_RegisterTest@158da8e]" started-at="2023-02-05T20:57:49 IST" name="setup" finished-at="2023-02-05T20:57:56 IST" duration-ms="6806" status="PASS">
          <reporter-output>
          </reporter-output>
        </test-method> <!-- setup -->
        <test-method signature="verifyRegisteringAccountWithoutFillingAnyDetails()[pri:4, instance:com.amitlearning.testcases.T2_RegisterTest@158da8e]" started-at="2023-02-05T20:57:56 IST" name="verifyRegisteringAccountWithoutFillingAnyDetails" finished-at="2023-02-05T20:57:56 IST" duration-ms="630" status="PASS">
          <reporter-output>
          </reporter-output>
        </test-method> <!-- verifyRegisteringAccountWithoutFillingAnyDetails -->
        <test-method is-config="true" signature="tearDown()[pri:0, instance:com.amitlearning.testcases.T2_RegisterTest@158da8e]" started-at="2023-02-05T20:57:56 IST" name="tearDown" finished-at="2023-02-05T20:57:56 IST" duration-ms="283" status="PASS">
          <reporter-output>
          </reporter-output>
        </test-method> <!-- tearDown -->
      </class> <!-- com.amitlearning.testcases.T2_RegisterTest -->
      <class name="com.amitlearning.testcases.T3_SearchTest">
        <test-method is-config="true" signature="setup()[pri:0, instance:com.amitlearning.testcases.T3_SearchTest@8f4ea7c]" started-at="2023-02-05T20:59:01 IST" name="setup" finished-at="2023-02-05T20:59:08 IST" duration-ms="7056" status="PASS">
          <reporter-output>
          </reporter-output>
        </test-method> <!-- setup -->
        <test-method signature="verifySearchWithValidProduct()[pri:1, instance:com.amitlearning.testcases.T3_SearchTest@8f4ea7c]" started-at="2023-02-05T20:59:08 IST" name="verifySearchWithValidProduct" finished-at="2023-02-05T20:59:09 IST" duration-ms="549" status="PASS">
          <reporter-output>
          </reporter-output>
        </test-method> <!-- verifySearchWithValidProduct -->
        <test-method is-config="true" signature="tearDown()[pri:0, instance:com.amitlearning.testcases.T3_SearchTest@8f4ea7c]" started-at="2023-02-05T20:59:09 IST" name="tearDown" finished-at="2023-02-05T20:59:09 IST" duration-ms="299" status="PASS">
          <reporter-output>
          </reporter-output>
        </test-method> <!-- tearDown -->
        <test-method is-config="true" signature="setup()[pri:0, instance:com.amitlearning.testcases.T3_SearchTest@8f4ea7c]" started-at="2023-02-05T20:59:09 IST" name="setup" finished-at="2023-02-05T20:59:17 IST" duration-ms="7599" status="PASS">
          <reporter-output>
          </reporter-output>
        </test-method> <!-- setup -->
        <test-method signature="verifySearchWithInValidProduct()[pri:2, instance:com.amitlearning.testcases.T3_SearchTest@8f4ea7c]" started-at="2023-02-05T20:59:17 IST" name="verifySearchWithInValidProduct" finished-at="2023-02-05T20:59:17 IST" duration-ms="548" status="FAIL">
          <exception class="java.lang.AssertionError">
            <message>
              <![CDATA[Unexpected product display expected [abcd] but found [There is no product that matches the search criteria.]]]>
            </message>
            <full-stacktrace>
              <![CDATA[java.lang.AssertionError: Unexpected product display expected [abcd] but found [There is no product that matches the search criteria.]
at org.testng.Assert.fail(Assert.java:99)
at org.testng.Assert.failNotEquals(Assert.java:1037)
at org.testng.Assert.assertEqualsImpl(Assert.java:140)
at org.testng.Assert.assertEquals(Assert.java:122)
at org.testng.Assert.assertEquals(Assert.java:629)
at com.amitlearning.testcases.T3_SearchTest.verifySearchWithInValidProduct(T3_SearchTest.java:49)
at java.base/jdk.internal.reflect.NativeMethodAccessorImpl.invoke0(Native Method)
at java.base/jdk.internal.reflect.NativeMethodAccessorImpl.invoke(NativeMethodAccessorImpl.java:77)
at java.base/jdk.internal.reflect.DelegatingMethodAccessorImpl.invoke(DelegatingMethodAccessorImpl.java:43)
at java.base/java.lang.reflect.Method.invoke(Method.java:568)
at org.testng.internal.MethodInvocationHelper.invokeMethod(MethodInvocationHelper.java:133)
at org.testng.internal.TestInvoker.invokeMethod(TestInvoker.java:598)
at org.testng.internal.TestInvoker.invokeTestMethod(TestInvoker.java:173)
at org.testng.internal.MethodRunner.runInSequence(MethodRunner.java:46)
at org.testng.internal.TestInvoker$MethodInvocationAgent.invoke(TestInvoker.java:824)
at org.testng.internal.TestInvoker.invokeTestMethods(TestInvoker.java:146)
at org.testng.internal.TestMethodWorker.invokeTestMethods(TestMethodWorker.java:146)
at org.testng.internal.TestMethodWorker.run(TestMethodWorker.java:128)
at java.base/java.util.ArrayList.forEach(ArrayList.java:1511)
at org.testng.TestRunner.privateRun(TestRunner.java:794)
at org.testng.TestRunner.run(TestRunner.java:596)
at org.testng.SuiteRunner.runTest(SuiteRunner.java:377)
at org.testng.SuiteRunner.runSequentially(SuiteRunner.java:371)
at org.testng.SuiteRunner.privateRun(SuiteRunner.java:332)
at org.testng.SuiteRunner.run(SuiteRunner.java:276)
at org.testng.SuiteRunnerWorker.runSuite(SuiteRunnerWorker.java:53)
at org.testng.SuiteRunnerWorker.run(SuiteRunnerWorker.java:96)
at org.testng.TestNG.runSuitesSequentially(TestNG.java:1212)
at org.testng.TestNG.runSuitesLocally(TestNG.java:1134)
at org.testng.TestNG.runSuites(TestNG.java:1063)
at org.testng.TestNG.run(TestNG.java:1031)
at org.testng.remote.AbstractRemoteTestNG.run(AbstractRemoteTestNG.java:115)
at org.testng.remote.RemoteTestNG.initAndRun(RemoteTestNG.java:251)
at org.testng.remote.RemoteTestNG.main(RemoteTestNG.java:77)
]]>
            </full-stacktrace>
          </exception> <!-- java.lang.AssertionError -->
          <reporter-output>
          </reporter-output>
        </test-method> <!-- verifySearchWithInValidProduct -->
        <test-method is-config="true" signature="tearDown()[pri:0, instance:com.amitlearning.testcases.T3_SearchTest@8f4ea7c]" started-at="2023-02-05T20:59:18 IST" name="tearDown" finished-at="2023-02-05T20:59:18 IST" duration-ms="305" status="PASS">
          <reporter-output>
          </reporter-output>
        </test-method> <!-- tearDown -->
        <test-method signature="verifySearchWithoutAnyProduct()[pri:3, instance:com.amitlearning.testcases.T3_SearchTest@8f4ea7c]" started-at="2023-02-05T20:59:18 IST" name="verifySearchWithoutAnyProduct" finished-at="2023-02-05T20:59:18 IST" depends-on-methods="com.amitlearning.testcases.T3_SearchTest.verifySearchWithValidProduct, com.amitlearning.testcases.T3_SearchTest.verifySearchWithInValidProduct" duration-ms="0" status="SKIP">
          <exception class="java.lang.Throwable">
            <message>
              <![CDATA[Method T3_SearchTest.verifySearchWithoutAnyProduct()[pri:3, instance:com.amitlearning.testcases.T3_SearchTest@8f4ea7c] depends on not successfully finished methods]]>
            </message>
            <full-stacktrace>
              <![CDATA[java.lang.Throwable: Method T3_SearchTest.verifySearchWithoutAnyProduct()[pri:3, instance:com.amitlearning.testcases.T3_SearchTest@8f4ea7c] depends on not successfully finished methods
at org.testng.internal.TestInvoker.invokeTestMethods(TestInvoker.java:102)
at org.testng.internal.TestMethodWorker.invokeTestMethods(TestMethodWorker.java:146)
at org.testng.internal.TestMethodWorker.run(TestMethodWorker.java:128)
at java.base/java.util.ArrayList.forEach(ArrayList.java:1511)
at org.testng.TestRunner.privateRun(TestRunner.java:794)
at org.testng.TestRunner.run(TestRunner.java:596)
at org.testng.SuiteRunner.runTest(SuiteRunner.java:377)
at org.testng.SuiteRunner.runSequentially(SuiteRunner.java:371)
at org.testng.SuiteRunner.privateRun(SuiteRunner.java:332)
at org.testng.SuiteRunner.run(SuiteRunner.java:276)
at org.testng.SuiteRunnerWorker.runSuite(SuiteRunnerWorker.java:53)
at org.testng.SuiteRunnerWorker.run(SuiteRunnerWorker.java:96)
at org.testng.TestNG.runSuitesSequentially(TestNG.java:1212)
at org.testng.TestNG.runSuitesLocally(TestNG.java:1134)
at org.testng.TestNG.runSuites(TestNG.java:1063)
at org.testng.TestNG.run(TestNG.java:1031)
at org.testng.remote.AbstractRemoteTestNG.run(AbstractRemoteTestNG.java:115)
at org.testng.remote.RemoteTestNG.initAndRun(RemoteTestNG.java:251)
at org.testng.remote.RemoteTestNG.main(RemoteTestNG.java:77)
]]>
            </full-stacktrace>
          </exception> <!-- java.lang.Throwable -->
          <reporter-output>
          </reporter-output>
        </test-method> <!-- verifySearchWithoutAnyProduct -->
        <test-method is-config="true" signature="setup()[pri:0, instance:com.amitlearning.testcases.T3_SearchTest@8f4ea7c]" started-at="2023-02-05T20:59:18 IST" name="setup" finished-at="2023-02-05T20:59:25 IST" duration-ms="6758" status="PASS">
          <reporter-output>
          </reporter-output>
        </test-method> <!-- setup -->
        <test-method signature="verifySearchWithValidProductOnLogin()[pri:4, instance:com.amitlearning.testcases.T3_SearchTest@8f4ea7c]" started-at="2023-02-05T20:59:25 IST" name="verifySearchWithValidProductOnLogin" finished-at="2023-02-05T20:59:27 IST" duration-ms="1865" status="PASS">
          <reporter-output>
          </reporter-output>
        </test-method> <!-- verifySearchWithValidProductOnLogin -->
        <test-method is-config="true" signature="tearDown()[pri:0, instance:com.amitlearning.testcases.T3_SearchTest@8f4ea7c]" started-at="2023-02-05T20:59:27 IST" name="tearDown" finished-at="2023-02-05T20:59:27 IST" duration-ms="320" status="PASS">
          <reporter-output>
          </reporter-output>
        </test-method> <!-- tearDown -->
      </class> <!-- com.amitlearning.testcases.T3_SearchTest -->
      <class name="com.amitlearning.testcases.T1_LoginTestDataFromExcelTest">
        <test-method is-config="true" signature="setup()[pri:0, instance:com.amitlearning.testcases.T1_LoginTestDataFromExcelTest@1d2adfbe]" started-at="2023-02-05T20:57:57 IST" name="setup" finished-at="2023-02-05T20:58:05 IST" duration-ms="7180" status="PASS">
          <reporter-output>
          </reporter-output>
        </test-method> <!-- setup -->
        <test-method signature="verifyLoginWithValidCredentials(java.lang.String,java.lang.String)[pri:1, instance:com.amitlearning.testcases.T1_LoginTestDataFromExcelTest@1d2adfbe]" started-at="2023-02-05T20:58:05 IST" name="verifyLoginWithValidCredentials" data-provider="validCredentialsSupplier" finished-at="2023-02-05T20:58:05 IST" duration-ms="878" status="PASS">
          <params>
            <param index="0">
              <value>
                <![CDATA[amotooricap9@gmail.com]]>
              </value>
            </param>
            <param index="1">
              <value>
                <![CDATA[12345]]>
              </value>
            </param>
          </params>
          <reporter-output>
          </reporter-output>
        </test-method> <!-- verifyLoginWithValidCredentials -->
        <test-method is-config="true" signature="tearDown()[pri:0, instance:com.amitlearning.testcases.T1_LoginTestDataFromExcelTest@1d2adfbe]" started-at="2023-02-05T20:58:05 IST" name="tearDown" finished-at="2023-02-05T20:58:06 IST" duration-ms="266" status="PASS">
          <reporter-output>
          </reporter-output>
        </test-method> <!-- tearDown -->
        <test-method is-config="true" signature="setup()[pri:0, instance:com.amitlearning.testcases.T1_LoginTestDataFromExcelTest@1d2adfbe]" started-at="2023-02-05T20:58:06 IST" name="setup" finished-at="2023-02-05T20:58:13 IST" duration-ms="7313" status="PASS">
          <reporter-output>
          </reporter-output>
        </test-method> <!-- setup -->
        <test-method signature="verifyLoginWithValidCredentials(java.lang.String,java.lang.String)[pri:1, instance:com.amitlearning.testcases.T1_LoginTestDataFromExcelTest@1d2adfbe]" started-at="2023-02-05T20:58:13 IST" name="verifyLoginWithValidCredentials" data-provider="validCredentialsSupplier" finished-at="2023-02-05T20:58:14 IST" duration-ms="1001" status="PASS">
          <params>
            <param index="0">
              <value>
                <![CDATA[aks07@gmail.com]]>
              </value>
            </param>
            <param index="1">
              <value>
                <![CDATA[12345]]>
              </value>
            </param>
          </params>
          <reporter-output>
          </reporter-output>
        </test-method> <!-- verifyLoginWithValidCredentials -->
        <test-method is-config="true" signature="tearDown()[pri:0, instance:com.amitlearning.testcases.T1_LoginTestDataFromExcelTest@1d2adfbe]" started-at="2023-02-05T20:58:14 IST" name="tearDown" finished-at="2023-02-05T20:58:14 IST" duration-ms="478" status="PASS">
          <reporter-output>
          </reporter-output>
        </test-method> <!-- tearDown -->
        <test-method is-config="true" signature="setup()[pri:0, instance:com.amitlearning.testcases.T1_LoginTestDataFromExcelTest@1d2adfbe]" started-at="2023-02-05T20:58:14 IST" name="setup" finished-at="2023-02-05T20:58:21 IST" duration-ms="6507" status="PASS">
          <reporter-output>
          </reporter-output>
        </test-method> <!-- setup -->
        <test-method signature="verifyLoginWithValidCredentials(java.lang.String,java.lang.String)[pri:1, instance:com.amitlearning.testcases.T1_LoginTestDataFromExcelTest@1d2adfbe]" started-at="2023-02-05T20:58:21 IST" name="verifyLoginWithValidCredentials" data-provider="validCredentialsSupplier" finished-at="2023-02-05T20:58:22 IST" duration-ms="839" status="PASS">
          <params>
            <param index="0">
              <value>
                <![CDATA[aks007@gmail.com]]>
              </value>
            </param>
            <param index="1">
              <value>
                <![CDATA[12345]]>
              </value>
            </param>
          </params>
          <reporter-output>
          </reporter-output>
        </test-method> <!-- verifyLoginWithValidCredentials -->
        <test-method is-config="true" signature="tearDown()[pri:0, instance:com.amitlearning.testcases.T1_LoginTestDataFromExcelTest@1d2adfbe]" started-at="2023-02-05T20:58:22 IST" name="tearDown" finished-at="2023-02-05T20:58:22 IST" duration-ms="264" status="PASS">
          <reporter-output>
          </reporter-output>
        </test-method> <!-- tearDown -->
        <test-method is-config="true" signature="setup()[pri:0, instance:com.amitlearning.testcases.T1_LoginTestDataFromExcelTest@1d2adfbe]" started-at="2023-02-05T20:58:22 IST" name="setup" finished-at="2023-02-05T20:58:29 IST" duration-ms="6811" status="PASS">
          <reporter-output>
          </reporter-output>
        </test-method> <!-- setup -->
        <test-method signature="verifyLoginWithValidCredentials(java.lang.String,java.lang.String)[pri:1, instance:com.amitlearning.testcases.T1_LoginTestDataFromExcelTest@1d2adfbe]" started-at="2023-02-05T20:58:29 IST" name="verifyLoginWithValidCredentials" data-provider="validCredentialsSupplier" finished-at="2023-02-05T20:58:30 IST" duration-ms="799" status="PASS">
          <params>
            <param index="0">
              <value>
                <![CDATA[aks0007@gmail.com]]>
              </value>
            </param>
            <param index="1">
              <value>
                <![CDATA[12345]]>
              </value>
            </param>
          </params>
          <reporter-output>
          </reporter-output>
        </test-method> <!-- verifyLoginWithValidCredentials -->
        <test-method is-config="true" signature="tearDown()[pri:0, instance:com.amitlearning.testcases.T1_LoginTestDataFromExcelTest@1d2adfbe]" started-at="2023-02-05T20:58:30 IST" name="tearDown" finished-at="2023-02-05T20:58:30 IST" duration-ms="290" status="PASS">
          <reporter-output>
          </reporter-output>
        </test-method> <!-- tearDown -->
        <test-method is-config="true" signature="setup()[pri:0, instance:com.amitlearning.testcases.T1_LoginTestDataFromExcelTest@1d2adfbe]" started-at="2023-02-05T20:58:30 IST" name="setup" finished-at="2023-02-05T20:58:37 IST" duration-ms="7084" status="PASS">
          <reporter-output>
          </reporter-output>
        </test-method> <!-- setup -->
        <test-method signature="verifyLoginWithInValidCredentials()[pri:2, instance:com.amitlearning.testcases.T1_LoginTestDataFromExcelTest@1d2adfbe]" started-at="2023-02-05T20:58:37 IST" name="verifyLoginWithInValidCredentials" finished-at="2023-02-05T20:58:38 IST" duration-ms="780" status="PASS">
          <reporter-output>
          </reporter-output>
        </test-method> <!-- verifyLoginWithInValidCredentials -->
        <test-method is-config="true" signature="tearDown()[pri:0, instance:com.amitlearning.testcases.T1_LoginTestDataFromExcelTest@1d2adfbe]" started-at="2023-02-05T20:58:38 IST" name="tearDown" finished-at="2023-02-05T20:58:38 IST" duration-ms="580" status="PASS">
          <reporter-output>
          </reporter-output>
        </test-method> <!-- tearDown -->
        <test-method is-config="true" signature="setup()[pri:0, instance:com.amitlearning.testcases.T1_LoginTestDataFromExcelTest@1d2adfbe]" started-at="2023-02-05T20:58:38 IST" name="setup" finished-at="2023-02-05T20:58:45 IST" duration-ms="6456" status="PASS">
          <reporter-output>
          </reporter-output>
        </test-method> <!-- setup -->
        <test-method signature="verifyLoginWithInValidEmailAndValidPassword()[pri:3, instance:com.amitlearning.testcases.T1_LoginTestDataFromExcelTest@1d2adfbe]" started-at="2023-02-05T20:58:45 IST" name="verifyLoginWithInValidEmailAndValidPassword" finished-at="2023-02-05T20:58:46 IST" duration-ms="727" status="PASS">
          <reporter-output>
          </reporter-output>
        </test-method> <!-- verifyLoginWithInValidEmailAndValidPassword -->
        <test-method is-config="true" signature="tearDown()[pri:0, instance:com.amitlearning.testcases.T1_LoginTestDataFromExcelTest@1d2adfbe]" started-at="2023-02-05T20:58:46 IST" name="tearDown" finished-at="2023-02-05T20:58:46 IST" duration-ms="296" status="PASS">
          <reporter-output>
          </reporter-output>
        </test-method> <!-- tearDown -->
        <test-method is-config="true" signature="setup()[pri:0, instance:com.amitlearning.testcases.T1_LoginTestDataFromExcelTest@1d2adfbe]" started-at="2023-02-05T20:58:46 IST" name="setup" finished-at="2023-02-05T20:58:53 IST" duration-ms="7120" status="PASS">
          <reporter-output>
          </reporter-output>
        </test-method> <!-- setup -->
        <test-method signature="verifyLoginWithValidEmailAndInValidPassword()[pri:4, instance:com.amitlearning.testcases.T1_LoginTestDataFromExcelTest@1d2adfbe]" started-at="2023-02-05T20:58:53 IST" name="verifyLoginWithValidEmailAndInValidPassword" finished-at="2023-02-05T20:58:54 IST" duration-ms="664" status="PASS">
          <reporter-output>
          </reporter-output>
        </test-method> <!-- verifyLoginWithValidEmailAndInValidPassword -->
        <test-method is-config="true" signature="tearDown()[pri:0, instance:com.amitlearning.testcases.T1_LoginTestDataFromExcelTest@1d2adfbe]" started-at="2023-02-05T20:58:54 IST" name="tearDown" finished-at="2023-02-05T20:58:54 IST" duration-ms="292" status="PASS">
          <reporter-output>
          </reporter-output>
        </test-method> <!-- tearDown -->
        <test-method is-config="true" signature="setup()[pri:0, instance:com.amitlearning.testcases.T1_LoginTestDataFromExcelTest@1d2adfbe]" started-at="2023-02-05T20:58:54 IST" name="setup" finished-at="2023-02-05T20:59:01 IST" duration-ms="6546" status="PASS">
          <reporter-output>
          </reporter-output>
        </test-method> <!-- setup -->
        <test-method signature="verifyLoginWithoutProvidingCredentials()[pri:5, instance:com.amitlearning.testcases.T1_LoginTestDataFromExcelTest@1d2adfbe]" started-at="2023-02-05T20:59:01 IST" name="verifyLoginWithoutProvidingCredentials" finished-at="2023-02-05T20:59:01 IST" duration-ms="421" status="PASS">
          <reporter-output>
          </reporter-output>
        </test-method> <!-- verifyLoginWithoutProvidingCredentials -->
        <test-method is-config="true" signature="tearDown()[pri:0, instance:com.amitlearning.testcases.T1_LoginTestDataFromExcelTest@1d2adfbe]" started-at="2023-02-05T20:59:01 IST" name="tearDown" finished-at="2023-02-05T20:59:01 IST" duration-ms="454" status="PASS">
          <reporter-output>
          </reporter-output>
        </test-method> <!-- tearDown -->
      </class> <!-- com.amitlearning.testcases.T1_LoginTestDataFromExcelTest -->
    </test> <!-- Regression TestCases -->
  </suite> <!-- Application Automation Suite -->
</testng-results>
