<?xml version="1.0" encoding="UTF-8"?>
<testng-results ignored="0" total="16" passed="14" failed="1" skipped="1">
  <reporter-output>
  </reporter-output>
  <suite started-at="2023-02-06T00:03:09 IST" name="Application Automation Suite" finished-at="2023-02-06T00:04:56 IST" duration-ms="107359">
    <groups>
    </groups>
    <test started-at="2023-02-06T00:03:09 IST" name="Regression TestCases" finished-at="2023-02-06T00:04:56 IST" duration-ms="107359">
      <class name="com.amitlearning.testcases.T2_RegisterTest">
        <test-method is-config="true" signature="setup()[pri:0, instance:com.amitlearning.testcases.T2_RegisterTest@158da8e]" started-at="2023-02-06T00:03:09 IST" name="setup" finished-at="2023-02-06T00:03:18 IST" duration-ms="8848" status="PASS">
          <reporter-output>
          </reporter-output>
        </test-method> <!-- setup -->
        <test-method signature="verifyRegisteringAnAccountWithMandatoryFields()[pri:1, instance:com.amitlearning.testcases.T2_RegisterTest@158da8e]" started-at="2023-02-06T00:03:18 IST" name="verifyRegisteringAnAccountWithMandatoryFields" finished-at="2023-02-06T00:03:19 IST" duration-ms="1233" status="PASS">
          <reporter-output>
          </reporter-output>
        </test-method> <!-- verifyRegisteringAnAccountWithMandatoryFields -->
        <test-method is-config="true" signature="tearDown()[pri:0, instance:com.amitlearning.testcases.T2_RegisterTest@158da8e]" started-at="2023-02-06T00:03:19 IST" name="tearDown" finished-at="2023-02-06T00:03:20 IST" duration-ms="297" status="PASS">
          <reporter-output>
          </reporter-output>
        </test-method> <!-- tearDown -->
        <test-method is-config="true" signature="setup()[pri:0, instance:com.amitlearning.testcases.T2_RegisterTest@158da8e]" started-at="2023-02-06T00:03:20 IST" name="setup" finished-at="2023-02-06T00:03:26 IST" duration-ms="6098" status="PASS">
          <reporter-output>
          </reporter-output>
        </test-method> <!-- setup -->
        <test-method signature="verifyRegisteringAccountByProvidingAllFields()[pri:2, instance:com.amitlearning.testcases.T2_RegisterTest@158da8e]" started-at="2023-02-06T00:03:26 IST" name="verifyRegisteringAccountByProvidingAllFields" finished-at="2023-02-06T00:03:27 IST" duration-ms="1255" status="PASS">
          <reporter-output>
          </reporter-output>
        </test-method> <!-- verifyRegisteringAccountByProvidingAllFields -->
        <test-method is-config="true" signature="tearDown()[pri:0, instance:com.amitlearning.testcases.T2_RegisterTest@158da8e]" started-at="2023-02-06T00:03:27 IST" name="tearDown" finished-at="2023-02-06T00:03:27 IST" duration-ms="249" status="PASS">
          <reporter-output>
          </reporter-output>
        </test-method> <!-- tearDown -->
        <test-method is-config="true" signature="setup()[pri:0, instance:com.amitlearning.testcases.T2_RegisterTest@158da8e]" started-at="2023-02-06T00:03:27 IST" name="setup" finished-at="2023-02-06T00:03:33 IST" duration-ms="6227" status="PASS">
          <reporter-output>
          </reporter-output>
        </test-method> <!-- setup -->
        <test-method signature="verifyRegisteringAccountByProvidingExistingEmailAddress()[pri:3, instance:com.amitlearning.testcases.T2_RegisterTest@158da8e]" started-at="2023-02-06T00:03:33 IST" name="verifyRegisteringAccountByProvidingExistingEmailAddress" finished-at="2023-02-06T00:03:34 IST" duration-ms="1107" status="PASS">
          <reporter-output>
          </reporter-output>
        </test-method> <!-- verifyRegisteringAccountByProvidingExistingEmailAddress -->
        <test-method is-config="true" signature="tearDown()[pri:0, instance:com.amitlearning.testcases.T2_RegisterTest@158da8e]" started-at="2023-02-06T00:03:34 IST" name="tearDown" finished-at="2023-02-06T00:03:35 IST" duration-ms="241" status="PASS">
          <reporter-output>
          </reporter-output>
        </test-method> <!-- tearDown -->
        <test-method is-config="true" signature="setup()[pri:0, instance:com.amitlearning.testcases.T2_RegisterTest@158da8e]" started-at="2023-02-06T00:03:35 IST" name="setup" finished-at="2023-02-06T00:03:41 IST" duration-ms="6207" status="PASS">
          <reporter-output>
          </reporter-output>
        </test-method> <!-- setup -->
        <test-method signature="verifyRegisteringAccountWithoutFillingAnyDetails()[pri:4, instance:com.amitlearning.testcases.T2_RegisterTest@158da8e]" started-at="2023-02-06T00:03:41 IST" name="verifyRegisteringAccountWithoutFillingAnyDetails" finished-at="2023-02-06T00:03:41 IST" duration-ms="465" status="PASS">
          <reporter-output>
          </reporter-output>
        </test-method> <!-- verifyRegisteringAccountWithoutFillingAnyDetails -->
        <test-method is-config="true" signature="tearDown()[pri:0, instance:com.amitlearning.testcases.T2_RegisterTest@158da8e]" started-at="2023-02-06T00:03:41 IST" name="tearDown" finished-at="2023-02-06T00:03:42 IST" duration-ms="233" status="PASS">
          <reporter-output>
          </reporter-output>
        </test-method> <!-- tearDown -->
      </class> <!-- com.amitlearning.testcases.T2_RegisterTest -->
      <class name="com.amitlearning.testcases.T3_SearchTest">
        <test-method is-config="true" signature="setup()[pri:0, instance:com.amitlearning.testcases.T3_SearchTest@8f4ea7c]" started-at="2023-02-06T00:04:37 IST" name="setup" finished-at="2023-02-06T00:04:42 IST" duration-ms="5364" status="PASS">
          <reporter-output>
          </reporter-output>
        </test-method> <!-- setup -->
        <test-method signature="verifySearchWithValidProduct()[pri:1, instance:com.amitlearning.testcases.T3_SearchTest@8f4ea7c]" started-at="2023-02-06T00:04:42 IST" name="verifySearchWithValidProduct" finished-at="2023-02-06T00:04:43 IST" duration-ms="419" status="PASS">
          <reporter-output>
          </reporter-output>
        </test-method> <!-- verifySearchWithValidProduct -->
        <test-method is-config="true" signature="tearDown()[pri:0, instance:com.amitlearning.testcases.T3_SearchTest@8f4ea7c]" started-at="2023-02-06T00:04:43 IST" name="tearDown" finished-at="2023-02-06T00:04:43 IST" duration-ms="225" status="PASS">
          <reporter-output>
          </reporter-output>
        </test-method> <!-- tearDown -->
        <test-method is-config="true" signature="setup()[pri:0, instance:com.amitlearning.testcases.T3_SearchTest@8f4ea7c]" started-at="2023-02-06T00:04:43 IST" name="setup" finished-at="2023-02-06T00:04:48 IST" duration-ms="5304" status="PASS">
          <reporter-output>
          </reporter-output>
        </test-method> <!-- setup -->
        <test-method signature="verifySearchWithInValidProduct()[pri:2, instance:com.amitlearning.testcases.T3_SearchTest@8f4ea7c]" started-at="2023-02-06T00:04:48 IST" name="verifySearchWithInValidProduct" finished-at="2023-02-06T00:04:49 IST" duration-ms="411" status="FAIL">
          <exception class="java.lang.AssertionError">
            <message>
              <![CDATA[Unexpected product display expected [abcd] but found [There is no product that matches the search criteria.]]]>
            </message>
            <full-stacktrace>
              <![CDATA[java.lang.AssertionError: Unexpected product display expected [abcd] but found [There is no product that matches the search criteria.]
at org.testng.Assert.fail(Assert.java:99)
at org.testng.Assert.failNotEquals(Assert.java:1037)
at org.testng.Assert.assertEqualsImpl(Assert.java:140)
at org.testng.Assert.assertEquals(Assert.java:122)
at org.testng.Assert.assertEquals(Assert.java:629)
at com.amitlearning.testcases.T3_SearchTest.verifySearchWithInValidProduct(T3_SearchTest.java:49)
at java.base/jdk.internal.reflect.NativeMethodAccessorImpl.invoke0(Native Method)
at java.base/jdk.internal.reflect.NativeMethodAccessorImpl.invoke(NativeMethodAccessorImpl.java:77)
at java.base/jdk.internal.reflect.DelegatingMethodAccessorImpl.invoke(DelegatingMethodAccessorImpl.java:43)
at java.base/java.lang.reflect.Method.invoke(Method.java:568)
at org.testng.internal.MethodInvocationHelper.invokeMethod(MethodInvocationHelper.java:133)
at org.testng.internal.TestInvoker.invokeMethod(TestInvoker.java:598)
at org.testng.internal.TestInvoker.invokeTestMethod(TestInvoker.java:173)
at org.testng.internal.MethodRunner.runInSequence(MethodRunner.java:46)
at org.testng.internal.TestInvoker$MethodInvocationAgent.invoke(TestInvoker.java:824)
at org.testng.internal.TestInvoker.invokeTestMethods(TestInvoker.java:146)
at org.testng.internal.TestMethodWorker.invokeTestMethods(TestMethodWorker.java:146)
at org.testng.internal.TestMethodWorker.run(TestMethodWorker.java:128)
at java.base/java.util.ArrayList.forEach(ArrayList.java:1511)
at org.testng.TestRunner.privateRun(TestRunner.java:794)
at org.testng.TestRunner.run(TestRunner.java:596)
at org.testng.SuiteRunner.runTest(SuiteRunner.java:377)
at org.testng.SuiteRunner.runSequentially(SuiteRunner.java:371)
at org.testng.SuiteRunner.privateRun(SuiteRunner.java:332)
at org.testng.SuiteRunner.run(SuiteRunner.java:276)
at org.testng.SuiteRunnerWorker.runSuite(SuiteRunnerWorker.java:53)
at org.testng.SuiteRunnerWorker.run(SuiteRunnerWorker.java:96)
at org.testng.TestNG.runSuitesSequentially(TestNG.java:1212)
at org.testng.TestNG.runSuitesLocally(TestNG.java:1134)
at org.testng.TestNG.runSuites(TestNG.java:1063)
at org.testng.TestNG.run(TestNG.java:1031)
at org.testng.remote.AbstractRemoteTestNG.run(AbstractRemoteTestNG.java:115)
at org.testng.remote.RemoteTestNG.initAndRun(RemoteTestNG.java:251)
at org.testng.remote.RemoteTestNG.main(RemoteTestNG.java:77)
]]>
            </full-stacktrace>
          </exception> <!-- java.lang.AssertionError -->
          <reporter-output>
          </reporter-output>
        </test-method> <!-- verifySearchWithInValidProduct -->
        <test-method is-config="true" signature="tearDown()[pri:0, instance:com.amitlearning.testcases.T3_SearchTest@8f4ea7c]" started-at="2023-02-06T00:04:49 IST" name="tearDown" finished-at="2023-02-06T00:04:49 IST" duration-ms="202" status="PASS">
          <reporter-output>
          </reporter-output>
        </test-method> <!-- tearDown -->
        <test-method signature="verifySearchWithoutAnyProduct()[pri:3, instance:com.amitlearning.testcases.T3_SearchTest@8f4ea7c]" started-at="2023-02-06T00:04:49 IST" name="verifySearchWithoutAnyProduct" finished-at="2023-02-06T00:04:49 IST" depends-on-methods="com.amitlearning.testcases.T3_SearchTest.verifySearchWithValidProduct, com.amitlearning.testcases.T3_SearchTest.verifySearchWithInValidProduct" duration-ms="0" status="SKIP">
          <exception class="java.lang.Throwable">
            <message>
              <![CDATA[Method T3_SearchTest.verifySearchWithoutAnyProduct()[pri:3, instance:com.amitlearning.testcases.T3_SearchTest@8f4ea7c] depends on not successfully finished methods]]>
            </message>
            <full-stacktrace>
              <![CDATA[java.lang.Throwable: Method T3_SearchTest.verifySearchWithoutAnyProduct()[pri:3, instance:com.amitlearning.testcases.T3_SearchTest@8f4ea7c] depends on not successfully finished methods
at org.testng.internal.TestInvoker.invokeTestMethods(TestInvoker.java:102)
at org.testng.internal.TestMethodWorker.invokeTestMethods(TestMethodWorker.java:146)
at org.testng.internal.TestMethodWorker.run(TestMethodWorker.java:128)
at java.base/java.util.ArrayList.forEach(ArrayList.java:1511)
at org.testng.TestRunner.privateRun(TestRunner.java:794)
at org.testng.TestRunner.run(TestRunner.java:596)
at org.testng.SuiteRunner.runTest(SuiteRunner.java:377)
at org.testng.SuiteRunner.runSequentially(SuiteRunner.java:371)
at org.testng.SuiteRunner.privateRun(SuiteRunner.java:332)
at org.testng.SuiteRunner.run(SuiteRunner.java:276)
at org.testng.SuiteRunnerWorker.runSuite(SuiteRunnerWorker.java:53)
at org.testng.SuiteRunnerWorker.run(SuiteRunnerWorker.java:96)
at org.testng.TestNG.runSuitesSequentially(TestNG.java:1212)
at org.testng.TestNG.runSuitesLocally(TestNG.java:1134)
at org.testng.TestNG.runSuites(TestNG.java:1063)
at org.testng.TestNG.run(TestNG.java:1031)
at org.testng.remote.AbstractRemoteTestNG.run(AbstractRemoteTestNG.java:115)
at org.testng.remote.RemoteTestNG.initAndRun(RemoteTestNG.java:251)
at org.testng.remote.RemoteTestNG.main(RemoteTestNG.java:77)
]]>
            </full-stacktrace>
          </exception> <!-- java.lang.Throwable -->
          <reporter-output>
          </reporter-output>
        </test-method> <!-- verifySearchWithoutAnyProduct -->
        <test-method is-config="true" signature="setup()[pri:0, instance:com.amitlearning.testcases.T3_SearchTest@8f4ea7c]" started-at="2023-02-06T00:04:49 IST" name="setup" finished-at="2023-02-06T00:04:55 IST" duration-ms="5418" status="PASS">
          <reporter-output>
          </reporter-output>
        </test-method> <!-- setup -->
        <test-method signature="verifySearchWithValidProductOnLogin()[pri:4, instance:com.amitlearning.testcases.T3_SearchTest@8f4ea7c]" started-at="2023-02-06T00:04:55 IST" name="verifySearchWithValidProductOnLogin" finished-at="2023-02-06T00:04:56 IST" duration-ms="1303" status="PASS">
          <reporter-output>
          </reporter-output>
        </test-method> <!-- verifySearchWithValidProductOnLogin -->
        <test-method is-config="true" signature="tearDown()[pri:0, instance:com.amitlearning.testcases.T3_SearchTest@8f4ea7c]" started-at="2023-02-06T00:04:56 IST" name="tearDown" finished-at="2023-02-06T00:04:56 IST" duration-ms="208" status="PASS">
          <reporter-output>
          </reporter-output>
        </test-method> <!-- tearDown -->
      </class> <!-- com.amitlearning.testcases.T3_SearchTest -->
      <class name="com.amitlearning.testcases.T1_LoginTestDataFromExcelTest">
        <test-method is-config="true" signature="setup()[pri:0, instance:com.amitlearning.testcases.T1_LoginTestDataFromExcelTest@1d2adfbe]" started-at="2023-02-06T00:03:42 IST" name="setup" finished-at="2023-02-06T00:03:48 IST" duration-ms="5900" status="PASS">
          <reporter-output>
          </reporter-output>
        </test-method> <!-- setup -->
        <test-method signature="verifyLoginWithValidCredentials(java.lang.String,java.lang.String)[pri:1, instance:com.amitlearning.testcases.T1_LoginTestDataFromExcelTest@1d2adfbe]" started-at="2023-02-06T00:03:48 IST" name="verifyLoginWithValidCredentials" data-provider="validCredentialsSupplier" finished-at="2023-02-06T00:03:49 IST" duration-ms="653" status="PASS">
          <params>
            <param index="0">
              <value>
                <![CDATA[amotooricap9@gmail.com]]>
              </value>
            </param>
            <param index="1">
              <value>
                <![CDATA[12345]]>
              </value>
            </param>
          </params>
          <reporter-output>
          </reporter-output>
        </test-method> <!-- verifyLoginWithValidCredentials -->
        <test-method is-config="true" signature="tearDown()[pri:0, instance:com.amitlearning.testcases.T1_LoginTestDataFromExcelTest@1d2adfbe]" started-at="2023-02-06T00:03:49 IST" name="tearDown" finished-at="2023-02-06T00:03:49 IST" duration-ms="237" status="PASS">
          <reporter-output>
          </reporter-output>
        </test-method> <!-- tearDown -->
        <test-method is-config="true" signature="setup()[pri:0, instance:com.amitlearning.testcases.T1_LoginTestDataFromExcelTest@1d2adfbe]" started-at="2023-02-06T00:03:49 IST" name="setup" finished-at="2023-02-06T00:03:55 IST" duration-ms="6113" status="PASS">
          <reporter-output>
          </reporter-output>
        </test-method> <!-- setup -->
        <test-method signature="verifyLoginWithValidCredentials(java.lang.String,java.lang.String)[pri:1, instance:com.amitlearning.testcases.T1_LoginTestDataFromExcelTest@1d2adfbe]" started-at="2023-02-06T00:03:55 IST" name="verifyLoginWithValidCredentials" data-provider="validCredentialsSupplier" finished-at="2023-02-06T00:03:56 IST" duration-ms="600" status="PASS">
          <params>
            <param index="0">
              <value>
                <![CDATA[aks07@gmail.com]]>
              </value>
            </param>
            <param index="1">
              <value>
                <![CDATA[12345]]>
              </value>
            </param>
          </params>
          <reporter-output>
          </reporter-output>
        </test-method> <!-- verifyLoginWithValidCredentials -->
        <test-method is-config="true" signature="tearDown()[pri:0, instance:com.amitlearning.testcases.T1_LoginTestDataFromExcelTest@1d2adfbe]" started-at="2023-02-06T00:03:56 IST" name="tearDown" finished-at="2023-02-06T00:03:56 IST" duration-ms="229" status="PASS">
          <reporter-output>
          </reporter-output>
        </test-method> <!-- tearDown -->
        <test-method is-config="true" signature="setup()[pri:0, instance:com.amitlearning.testcases.T1_LoginTestDataFromExcelTest@1d2adfbe]" started-at="2023-02-06T00:03:56 IST" name="setup" finished-at="2023-02-06T00:04:02 IST" duration-ms="6191" status="PASS">
          <reporter-output>
          </reporter-output>
        </test-method> <!-- setup -->
        <test-method signature="verifyLoginWithValidCredentials(java.lang.String,java.lang.String)[pri:1, instance:com.amitlearning.testcases.T1_LoginTestDataFromExcelTest@1d2adfbe]" started-at="2023-02-06T00:04:02 IST" name="verifyLoginWithValidCredentials" data-provider="validCredentialsSupplier" finished-at="2023-02-06T00:04:03 IST" duration-ms="660" status="PASS">
          <params>
            <param index="0">
              <value>
                <![CDATA[aks007@gmail.com]]>
              </value>
            </param>
            <param index="1">
              <value>
                <![CDATA[12345]]>
              </value>
            </param>
          </params>
          <reporter-output>
          </reporter-output>
        </test-method> <!-- verifyLoginWithValidCredentials -->
        <test-method is-config="true" signature="tearDown()[pri:0, instance:com.amitlearning.testcases.T1_LoginTestDataFromExcelTest@1d2adfbe]" started-at="2023-02-06T00:04:03 IST" name="tearDown" finished-at="2023-02-06T00:04:03 IST" duration-ms="239" status="PASS">
          <reporter-output>
          </reporter-output>
        </test-method> <!-- tearDown -->
        <test-method is-config="true" signature="setup()[pri:0, instance:com.amitlearning.testcases.T1_LoginTestDataFromExcelTest@1d2adfbe]" started-at="2023-02-06T00:04:03 IST" name="setup" finished-at="2023-02-06T00:04:10 IST" duration-ms="6326" status="PASS">
          <reporter-output>
          </reporter-output>
        </test-method> <!-- setup -->
        <test-method signature="verifyLoginWithValidCredentials(java.lang.String,java.lang.String)[pri:1, instance:com.amitlearning.testcases.T1_LoginTestDataFromExcelTest@1d2adfbe]" started-at="2023-02-06T00:04:10 IST" name="verifyLoginWithValidCredentials" data-provider="validCredentialsSupplier" finished-at="2023-02-06T00:04:10 IST" duration-ms="588" status="PASS">
          <params>
            <param index="0">
              <value>
                <![CDATA[aks0007@gmail.com]]>
              </value>
            </param>
            <param index="1">
              <value>
                <![CDATA[12345]]>
              </value>
            </param>
          </params>
          <reporter-output>
          </reporter-output>
        </test-method> <!-- verifyLoginWithValidCredentials -->
        <test-method is-config="true" signature="tearDown()[pri:0, instance:com.amitlearning.testcases.T1_LoginTestDataFromExcelTest@1d2adfbe]" started-at="2023-02-06T00:04:10 IST" name="tearDown" finished-at="2023-02-06T00:04:10 IST" duration-ms="202" status="PASS">
          <reporter-output>
          </reporter-output>
        </test-method> <!-- tearDown -->
        <test-method is-config="true" signature="setup()[pri:0, instance:com.amitlearning.testcases.T1_LoginTestDataFromExcelTest@1d2adfbe]" started-at="2023-02-06T00:04:10 IST" name="setup" finished-at="2023-02-06T00:04:16 IST" duration-ms="5855" status="PASS">
          <reporter-output>
          </reporter-output>
        </test-method> <!-- setup -->
        <test-method signature="verifyLoginWithInValidCredentials()[pri:2, instance:com.amitlearning.testcases.T1_LoginTestDataFromExcelTest@1d2adfbe]" started-at="2023-02-06T00:04:16 IST" name="verifyLoginWithInValidCredentials" finished-at="2023-02-06T00:04:17 IST" duration-ms="560" status="PASS">
          <reporter-output>
          </reporter-output>
        </test-method> <!-- verifyLoginWithInValidCredentials -->
        <test-method is-config="true" signature="tearDown()[pri:0, instance:com.amitlearning.testcases.T1_LoginTestDataFromExcelTest@1d2adfbe]" started-at="2023-02-06T00:04:17 IST" name="tearDown" finished-at="2023-02-06T00:04:17 IST" duration-ms="237" status="PASS">
          <reporter-output>
          </reporter-output>
        </test-method> <!-- tearDown -->
        <test-method is-config="true" signature="setup()[pri:0, instance:com.amitlearning.testcases.T1_LoginTestDataFromExcelTest@1d2adfbe]" started-at="2023-02-06T00:04:17 IST" name="setup" finished-at="2023-02-06T00:04:23 IST" duration-ms="6246" status="PASS">
          <reporter-output>
          </reporter-output>
        </test-method> <!-- setup -->
        <test-method signature="verifyLoginWithInValidEmailAndValidPassword()[pri:3, instance:com.amitlearning.testcases.T1_LoginTestDataFromExcelTest@1d2adfbe]" started-at="2023-02-06T00:04:23 IST" name="verifyLoginWithInValidEmailAndValidPassword" finished-at="2023-02-06T00:04:24 IST" duration-ms="642" status="PASS">
          <reporter-output>
          </reporter-output>
        </test-method> <!-- verifyLoginWithInValidEmailAndValidPassword -->
        <test-method is-config="true" signature="tearDown()[pri:0, instance:com.amitlearning.testcases.T1_LoginTestDataFromExcelTest@1d2adfbe]" started-at="2023-02-06T00:04:24 IST" name="tearDown" finished-at="2023-02-06T00:04:24 IST" duration-ms="253" status="PASS">
          <reporter-output>
          </reporter-output>
        </test-method> <!-- tearDown -->
        <test-method is-config="true" signature="setup()[pri:0, instance:com.amitlearning.testcases.T1_LoginTestDataFromExcelTest@1d2adfbe]" started-at="2023-02-06T00:04:24 IST" name="setup" finished-at="2023-02-06T00:04:30 IST" duration-ms="5755" status="PASS">
          <reporter-output>
          </reporter-output>
        </test-method> <!-- setup -->
        <test-method signature="verifyLoginWithValidEmailAndInValidPassword()[pri:4, instance:com.amitlearning.testcases.T1_LoginTestDataFromExcelTest@1d2adfbe]" started-at="2023-02-06T00:04:30 IST" name="verifyLoginWithValidEmailAndInValidPassword" finished-at="2023-02-06T00:04:30 IST" duration-ms="534" status="PASS">
          <reporter-output>
          </reporter-output>
        </test-method> <!-- verifyLoginWithValidEmailAndInValidPassword -->
        <test-method is-config="true" signature="tearDown()[pri:0, instance:com.amitlearning.testcases.T1_LoginTestDataFromExcelTest@1d2adfbe]" started-at="2023-02-06T00:04:30 IST" name="tearDown" finished-at="2023-02-06T00:04:31 IST" duration-ms="255" status="PASS">
          <reporter-output>
          </reporter-output>
        </test-method> <!-- tearDown -->
        <test-method is-config="true" signature="setup()[pri:0, instance:com.amitlearning.testcases.T1_LoginTestDataFromExcelTest@1d2adfbe]" started-at="2023-02-06T00:04:31 IST" name="setup" finished-at="2023-02-06T00:04:36 IST" duration-ms="5684" status="PASS">
          <reporter-output>
          </reporter-output>
        </test-method> <!-- setup -->
        <test-method signature="verifyLoginWithoutProvidingCredentials()[pri:5, instance:com.amitlearning.testcases.T1_LoginTestDataFromExcelTest@1d2adfbe]" started-at="2023-02-06T00:04:36 IST" name="verifyLoginWithoutProvidingCredentials" finished-at="2023-02-06T00:04:37 IST" duration-ms="374" status="PASS">
          <reporter-output>
          </reporter-output>
        </test-method> <!-- verifyLoginWithoutProvidingCredentials -->
        <test-method is-config="true" signature="tearDown()[pri:0, instance:com.amitlearning.testcases.T1_LoginTestDataFromExcelTest@1d2adfbe]" started-at="2023-02-06T00:04:37 IST" name="tearDown" finished-at="2023-02-06T00:04:37 IST" duration-ms="190" status="PASS">
          <reporter-output>
          </reporter-output>
        </test-method> <!-- tearDown -->
      </class> <!-- com.amitlearning.testcases.T1_LoginTestDataFromExcelTest -->
    </test> <!-- Regression TestCases -->
  </suite> <!-- Application Automation Suite -->
</testng-results>
